[2025-05-09T05:36:52.192+0000] {taskinstance.py:1157} INFO - Dependencies all met for dep_context=non-requeueable deps ti=<TaskInstance: news_crawler_dag.crawl_and_set_topic scheduled__2025-05-05T00:00:00+00:00 [queued]>
[2025-05-09T05:36:52.203+0000] {taskinstance.py:1157} INFO - Dependencies all met for dep_context=requeueable deps ti=<TaskInstance: news_crawler_dag.crawl_and_set_topic scheduled__2025-05-05T00:00:00+00:00 [queued]>
[2025-05-09T05:36:52.204+0000] {taskinstance.py:1359} INFO - Starting attempt 1 of 2
[2025-05-09T05:36:52.215+0000] {taskinstance.py:1380} INFO - Executing <Task(PythonOperator): crawl_and_set_topic> on 2025-05-05 00:00:00+00:00
[2025-05-09T05:36:52.226+0000] {standard_task_runner.py:57} INFO - Started process 71 to run task
[2025-05-09T05:36:52.229+0000] {standard_task_runner.py:84} INFO - Running: ['***', 'tasks', 'run', 'news_crawler_dag', 'crawl_and_set_topic', 'scheduled__2025-05-05T00:00:00+00:00', '--job-id', '13', '--raw', '--subdir', 'DAGS_FOLDER/news_crawler_dag.py', '--cfg-path', '/tmp/tmp3w63wtey']
[2025-05-09T05:36:52.232+0000] {standard_task_runner.py:85} INFO - Job 13: Subtask crawl_and_set_topic
[2025-05-09T05:36:52.266+0000] {task_command.py:415} INFO - Running <TaskInstance: news_crawler_dag.crawl_and_set_topic scheduled__2025-05-05T00:00:00+00:00 [running]> on host e353fff685ad
[2025-05-09T05:36:52.321+0000] {taskinstance.py:1660} INFO - Exporting env vars: AIRFLOW_CTX_DAG_OWNER='***' AIRFLOW_CTX_DAG_ID='news_crawler_dag' AIRFLOW_CTX_TASK_ID='crawl_and_set_topic' AIRFLOW_CTX_EXECUTION_DATE='2025-05-05T00:00:00+00:00' AIRFLOW_CTX_TRY_NUMBER='1' AIRFLOW_CTX_DAG_RUN_ID='scheduled__2025-05-05T00:00:00+00:00'
[2025-05-09T05:36:52.322+0000] {logging_mixin.py:151} INFO - 오늘의 카테고리: 정치
[2025-05-09T05:36:52.588+0000] {logging_mixin.py:151} INFO - 헤드라인 기사 10개 수집됨
[2025-05-09T05:36:52.818+0000] {logging_mixin.py:151} INFO - 
[선택된 뉴스 기사]
[2025-05-09T05:36:52.819+0000] {logging_mixin.py:151} INFO - 제목: 김문수 "북핵 억제 없는 평화는 '가짜 평화'…한국형 3축 강화"
[2025-05-09T05:36:52.819+0000] {logging_mixin.py:151} INFO - 링크: https://n.news.naver.com/mnews/article/015/0005129604
[2025-05-09T05:36:52.819+0000] {logging_mixin.py:151} INFO - [본문 내용]
[2025-05-09T05:36:52.819+0000] {logging_mixin.py:151} INFO - "한미 간 협의해 핵무기 설계 기술도 축적"
"핵추진 잠수함 개발도 추진해 북핵 대응"
사진=뉴스1
김문수 국민의힘 대선 후보가 9일 “한미방위조약에 ‘핵공격 보호조항’을 추가하고 핵추진 잠수함 개발도 추진해 북한의 핵위협에 대비하겠다”고 밝혔다.
김문수 후보는 이날 서울 여의도 선거 사무소에서 기자회견을 열어 “한미동맹을 더욱 강화하고, 핵억제력을 더욱 높일 수 있는 모든 조치를 강구하겠다”면서 이같이 말했다.
김 후보는 “한미동맹을 바탕으로 확장억제 실행력을 강화하겠다”면서 이를 위해 “미국 전략자산을 상시 주둔에 준하는 수준으로 전개하고, 한미 핵·재래식 통합(CNI) 훈련을 내실화, 한미방위조약에 ‘핵공격 보호조항’ 추가 등을 위해 노력하겠다”고 했다.
현행 한국형 3축 체계를 더욱 강화하기 위한 구체적인 방안도 제시했다. 구체적으로 △미국의 ‘발사의 왼편작전’과 같은 사이버전자전 기술의 고도화 △한국형 아이언돔 확장하는 ‘스카이돔’ 체계 구축과 레이저 요격무기 추가 개발 △탄도미사일 등 보복 수단 확보 등이다.
그는 “한미 원자력 협정을 개정해 원자력의 평화적 용도 범위 내에서 일본에 준하는 수준으로 우라늄 농축과 플루토늄 재처리 기술을 확보하겠다”고도 밝혔다. 필요한 경우 한미간 긴밀한 협의를 토대로 핵무기 설계 기술도 축적해 가겠다는 방침이다.
이어 “북한의 핵 위협이 더욱 가중되면 ‘전술핵 재배치’ ‘NATO식 핵공유’를 비롯해 미국이 전술핵을 괌에 배치한 후 한국 보호용으로 운용하는 방식도 검토하겠다”고 했다. 북한이 탄도미사일 핵잠수함을 개발하고 있는 만큼 이에 대응하는 능력을 갖추기 위해 핵추진 잠수함 개발도 추진할 전망이다.
김 후보는 “북한 핵에 대한 강한 억제력 없는 평화는 가짜 평화”라며 “실존하는 북한의 핵위협을 근본적이고 실효적으로 해결할 수 있도록 적극적인 핵억제 정책을 추진하겠다”고 말했다.
김 후보가 이날 발표한 국방안보 공약은 윤의철 전 합참차장과 송운소 한국외대 국가안보학 교수, 김병철 서울시 안보정책자문위원, 최승우 전 국방대 기조실장, 이병화 전 노르웨이 대사가 자문위원으로 참여했다.
[2025-05-09T05:36:52.940+0000] {logging_mixin.py:151} INFO - 
[추가 기사]
[2025-05-09T05:36:52.940+0000] {logging_mixin.py:151} INFO - 제목: 김문수 "북핵 억제 없는 평화는 '가짜 평화'…한국형 3축 강화"
[2025-05-09T05:36:52.941+0000] {logging_mixin.py:151} INFO - 링크: https://n.news.naver.com/mnews/article/015/0005129604
[2025-05-09T05:36:54.030+0000] {logging_mixin.py:151} INFO - 
[추가 기사]
[2025-05-09T05:36:54.031+0000] {logging_mixin.py:151} INFO - 제목: 김문수, 당 단일화 강행에 9일 일정 급취소…韓측 "다시 만나자"
[2025-05-09T05:36:54.031+0000] {logging_mixin.py:151} INFO - 링크: https://n.news.naver.com/mnews/article/025/0003439563
[2025-05-09T05:36:57.107+0000] {logging_mixin.py:151} INFO - 추출된 주제: {'topic': '북핵 억제 정책', 'topic_prompt': '북핵 위협에 대한 강력한 억제 정책이 평화를 유지하는 데 어떤 역할을 할까요? 현재의 정책이 효과적이라고 생각하나요?'}
[2025-05-09T05:36:57.107+0000] {logging_mixin.py:151} INFO - {'topic': '북핵 억제 정책', 'topic_prompt': '북핵 위협에 대한 강력한 억제 정책이 평화를 유지하는 데 어떤 역할을 할까요? 현재의 정책이 효과적이라고 생각하나요?'}
[2025-05-09T05:37:07.168+0000] {logging_mixin.py:151} INFO - Error in set_daily_topic: (2003, "Can't connect to MySQL server on 'hufs-wider.cpwc08i2mniz.ap-northeast-2.rds.amazonaws.com' (timed out)")
[2025-05-09T05:37:07.172+0000] {taskinstance.py:1935} ERROR - Task failed with exception
Traceback (most recent call last):
  File "/home/airflow/.local/lib/python3.8/site-packages/pymysql/connections.py", line 644, in connect
    sock = socket.create_connection(
  File "/usr/local/lib/python3.8/socket.py", line 808, in create_connection
    raise err
  File "/usr/local/lib/python3.8/socket.py", line 796, in create_connection
    sock.connect(sa)
socket.timeout: timed out

During handling of the above exception, another exception occurred:

Traceback (most recent call last):
  File "/home/airflow/.local/lib/python3.8/site-packages/airflow/operators/python.py", line 192, in execute
    return_value = self.execute_callable()
  File "/home/airflow/.local/lib/python3.8/site-packages/airflow/operators/python.py", line 209, in execute_callable
    return self.python_callable(*self.op_args, **self.op_kwargs)
  File "/opt/airflow/dags/news_crawler_dag.py", line 41, in set_daily_topic
    conn = pymysql.connect(
  File "/home/airflow/.local/lib/python3.8/site-packages/pymysql/connections.py", line 358, in __init__
    self.connect()
  File "/home/airflow/.local/lib/python3.8/site-packages/pymysql/connections.py", line 711, in connect
    raise exc
pymysql.err.OperationalError: (2003, "Can't connect to MySQL server on 'hufs-wider.cpwc08i2mniz.ap-northeast-2.rds.amazonaws.com' (timed out)")
[2025-05-09T05:37:07.189+0000] {taskinstance.py:1398} INFO - Marking task as UP_FOR_RETRY. dag_id=news_crawler_dag, task_id=crawl_and_set_topic, execution_date=20250505T000000, start_date=20250509T053652, end_date=20250509T053707
[2025-05-09T05:37:07.210+0000] {standard_task_runner.py:104} ERROR - Failed to execute job 13 for task crawl_and_set_topic ((2003, "Can't connect to MySQL server on 'hufs-wider.cpwc08i2mniz.ap-northeast-2.rds.amazonaws.com' (timed out)"); 71)
[2025-05-09T05:37:07.230+0000] {local_task_job_runner.py:228} INFO - Task exited with return code 1
[2025-05-09T05:37:07.247+0000] {taskinstance.py:2776} INFO - 0 downstream tasks scheduled from follow-on schedule check
