[2025-05-09T05:42:08.804+0000] {taskinstance.py:1157} INFO - Dependencies all met for dep_context=non-requeueable deps ti=<TaskInstance: news_crawler_dag.crawl_and_set_topic scheduled__2025-05-08T00:00:00+00:00 [queued]>
[2025-05-09T05:42:08.808+0000] {taskinstance.py:1157} INFO - Dependencies all met for dep_context=requeueable deps ti=<TaskInstance: news_crawler_dag.crawl_and_set_topic scheduled__2025-05-08T00:00:00+00:00 [queued]>
[2025-05-09T05:42:08.808+0000] {taskinstance.py:1359} INFO - Starting attempt 2 of 2
[2025-05-09T05:42:08.814+0000] {taskinstance.py:1380} INFO - Executing <Task(PythonOperator): crawl_and_set_topic> on 2025-05-08 00:00:00+00:00
[2025-05-09T05:42:08.817+0000] {standard_task_runner.py:57} INFO - Started process 154 to run task
[2025-05-09T05:42:08.819+0000] {standard_task_runner.py:84} INFO - Running: ['***', 'tasks', 'run', 'news_crawler_dag', 'crawl_and_set_topic', 'scheduled__2025-05-08T00:00:00+00:00', '--job-id', '15', '--raw', '--subdir', 'DAGS_FOLDER/news_crawler_dag.py', '--cfg-path', '/tmp/tmpxk0ndo7s']
[2025-05-09T05:42:08.822+0000] {standard_task_runner.py:85} INFO - Job 15: Subtask crawl_and_set_topic
[2025-05-09T05:42:08.841+0000] {task_command.py:415} INFO - Running <TaskInstance: news_crawler_dag.crawl_and_set_topic scheduled__2025-05-08T00:00:00+00:00 [running]> on host e353fff685ad
[2025-05-09T05:42:08.873+0000] {taskinstance.py:1660} INFO - Exporting env vars: AIRFLOW_CTX_DAG_OWNER='***' AIRFLOW_CTX_DAG_ID='news_crawler_dag' AIRFLOW_CTX_TASK_ID='crawl_and_set_topic' AIRFLOW_CTX_EXECUTION_DATE='2025-05-08T00:00:00+00:00' AIRFLOW_CTX_TRY_NUMBER='2' AIRFLOW_CTX_DAG_RUN_ID='scheduled__2025-05-08T00:00:00+00:00'
[2025-05-09T05:42:08.874+0000] {logging_mixin.py:151} INFO - 오늘의 카테고리: 정치
[2025-05-09T05:42:09.109+0000] {logging_mixin.py:151} INFO - 헤드라인 기사 10개 수집됨
[2025-05-09T05:42:09.220+0000] {logging_mixin.py:151} INFO - 
[선택된 뉴스 기사]
[2025-05-09T05:42:09.220+0000] {logging_mixin.py:151} INFO - 제목: ‘대구 일정 취소’ 김문수 “핵추진 잠수함 개발 추진”… 안보 공약 발표
[2025-05-09T05:42:09.220+0000] {logging_mixin.py:151} INFO - 링크: https://n.news.naver.com/mnews/article/366/0001075623
[2025-05-09T05:42:09.220+0000] {logging_mixin.py:151} INFO - [본문 내용]
[2025-05-09T05:42:09.221+0000] {logging_mixin.py:151} INFO - 후보 선출 후 정책 발표 6일만… 대구·부산 일정은 취소
김문수 국민의힘 대선 후보가 9일 핵추진 잠수함 개발을 대선 공약으로 추진하겠다고 밝혔다. 지난 3일 전당대회 이후 대선 후보 신분으로 내놓은 첫 정책 공약이다.
한덕수 무소속 대선 예비후보와의 단일화 논의가 이어지는 상황에서 ‘안보 정책’을 통해 전통 보수 지지층에 지지를 호소하려는 것으로 보인다.
김문수 국민의힘 대선 후보가 지난달 28일 오전 서울 여의도 선거사무소에서 정책 공약 발표 기자회견을 하고 있다. /뉴스1
김 후보는 이날 오전 서울 여의도 선거사무소에서 “북한의 현실적인 핵과 미사일 위협에는 보다 근본적이고 엄중한 대책이 있어야 한다”며 이러한 북핵 억제력 강화 공약을 발표했다.
그는 특히 “북한이 현재 탄도미사일 핵잠수함을 개발하고 있는 만큼, 이에 대응하는 능력을 갖추기 위해서 우리도 핵추진 잠수함 개발을 추진하겠다”고 말했다.
앞서 김영삼 정부, 노무현 정부에서도 러시아의 원자로 기술과 핵연료를 도입해 핵잠수함 자체 개발을 추진했으나 무산됐다. 그러나 최근 북한이 핵잠수함 건조를 추진하면서 보수진영 내에서 핵추진 잠수함을 보유하자는 주장이 다시 등장하고 있다.
김 후보는 또 “한미동맹을 바탕으로 확장억제 실행력을 강화하겠다”며 ▲미국 전략자산 상시 주둔 ▲한미 핵·재래식 통합(CNI) 훈련을 내실화 ▲한미방위조약에 ‘핵공격 보호조항’ 추가 등을 추진하겠다고 밝혔다.
또 “현행 한국형 3축 체계를 더욱 강화해 선제적 억제능력을 확보하겠다”고 했다. 한국형 3축 체계는 북한의 핵·미사일을 탐지해 발사 전에 공격하는 킬체인(Kill Chain), 날아오는 미사일을 조기에 탐지해 요격하는 미사일방어체계, 북한이 핵이나 대량살상무기를 사용할 경우 핵심시설을 타격한다는 대랑응징보복으로 구성된다. 여기에 사이버 전자전 기술 고도화, 고고도 방어망 구축, 탄도미사일 등 보복 수단 확보 등을 추진하겠다는 것이다.
이와 함께 한미 원자력협정 개정으로 일본에 준하는 수준으로 우라늄 농축 및 플라토늄 재처리 기술을 확보하는 등 핵 잠재력을 강화하겠다고 약속했다.
김 후보는 “이러한 조치들을 통해서, 실존하는 북한의 핵위협을 근본적이고 실효적으로 해결할 수 있도록 적극적인 핵억제 정책을 추진하겠다”며 “북한 핵에 대한 강한 억제력 없는 평화는 ‘가짜 평화’다. 한미신뢰를 바탕으로 힘에 의한 ‘진짜 평화’를 지키겠다”고 했다.
한편 김 후보는 당초 이날 대구·부산에 내려가 당원 간담회 등을 진행할 예정이었으나 전날 밤 전격 취소했다. 당 지도부가 강행한 한 후보와의 단일 후보 선호도 조사 결과를 지켜보고, 후속조치에 집중하겠다는 뜻으로 보인다.
[2025-05-09T05:42:09.302+0000] {logging_mixin.py:151} INFO - 
[추가 기사]
[2025-05-09T05:42:09.303+0000] {logging_mixin.py:151} INFO - 제목: ‘대구 일정 취소’ 김문수 “핵추진 잠수함 개발 추진”… 안보 공약 발표
[2025-05-09T05:42:09.303+0000] {logging_mixin.py:151} INFO - 링크: https://n.news.naver.com/mnews/article/366/0001075623
[2025-05-09T05:42:11.583+0000] {logging_mixin.py:151} INFO - 
[추가 기사]
[2025-05-09T05:42:11.583+0000] {logging_mixin.py:151} INFO - 제목: 국힘 지도부 "11일 후 단일화 명분·실리 없어…金 대승적 결단"
[2025-05-09T05:42:11.583+0000] {logging_mixin.py:151} INFO - 링크: https://n.news.naver.com/mnews/article/018/0006008750
[2025-05-09T05:42:14.577+0000] {logging_mixin.py:151} INFO - 추출된 주제: {'topic': '핵추진 잠수함 개발', 'topic_prompt': '핵추진 잠수함 개발이 북한의 위협에 대한 효과적인 대응책이 될 수 있을까요? 이를 통해 안보 상황이 어떻게 변화할 것인지에 대한 의견은 무엇인가요?'}
[2025-05-09T05:42:14.577+0000] {logging_mixin.py:151} INFO - {'topic': '핵추진 잠수함 개발', 'topic_prompt': '핵추진 잠수함 개발이 북한의 위협에 대한 효과적인 대응책이 될 수 있을까요? 이를 통해 안보 상황이 어떻게 변화할 것인지에 대한 의견은 무엇인가요?'}
[2025-05-09T05:42:24.587+0000] {logging_mixin.py:151} INFO - Error in set_daily_topic: (2003, "Can't connect to MySQL server on 'hufs-wider.cpwc08i2mniz.ap-northeast-2.rds.amazonaws.com' (timed out)")
[2025-05-09T05:42:24.588+0000] {taskinstance.py:1935} ERROR - Task failed with exception
Traceback (most recent call last):
  File "/home/airflow/.local/lib/python3.8/site-packages/pymysql/connections.py", line 644, in connect
    sock = socket.create_connection(
  File "/usr/local/lib/python3.8/socket.py", line 808, in create_connection
    raise err
  File "/usr/local/lib/python3.8/socket.py", line 796, in create_connection
    sock.connect(sa)
socket.timeout: timed out

During handling of the above exception, another exception occurred:

Traceback (most recent call last):
  File "/home/airflow/.local/lib/python3.8/site-packages/airflow/operators/python.py", line 192, in execute
    return_value = self.execute_callable()
  File "/home/airflow/.local/lib/python3.8/site-packages/airflow/operators/python.py", line 209, in execute_callable
    return self.python_callable(*self.op_args, **self.op_kwargs)
  File "/opt/airflow/dags/news_crawler_dag.py", line 41, in set_daily_topic
    conn = pymysql.connect(
  File "/home/airflow/.local/lib/python3.8/site-packages/pymysql/connections.py", line 358, in __init__
    self.connect()
  File "/home/airflow/.local/lib/python3.8/site-packages/pymysql/connections.py", line 711, in connect
    raise exc
pymysql.err.OperationalError: (2003, "Can't connect to MySQL server on 'hufs-wider.cpwc08i2mniz.ap-northeast-2.rds.amazonaws.com' (timed out)")
[2025-05-09T05:42:24.600+0000] {taskinstance.py:1398} INFO - Marking task as FAILED. dag_id=news_crawler_dag, task_id=crawl_and_set_topic, execution_date=20250508T000000, start_date=20250509T054208, end_date=20250509T054224
[2025-05-09T05:42:24.609+0000] {standard_task_runner.py:104} ERROR - Failed to execute job 15 for task crawl_and_set_topic ((2003, "Can't connect to MySQL server on 'hufs-wider.cpwc08i2mniz.ap-northeast-2.rds.amazonaws.com' (timed out)"); 154)
[2025-05-09T05:42:24.648+0000] {local_task_job_runner.py:228} INFO - Task exited with return code 1
[2025-05-09T05:42:24.657+0000] {taskinstance.py:2776} INFO - 0 downstream tasks scheduled from follow-on schedule check
